
Apr 01, 2019 11:14:13.03 NEW SESSION
Apr 01, 2019 11:14:13.03 [9168:9108:0401/111413.029:ERROR:appcache_update_url_loader_request.cc(138)] NOT IMPLEMENTED
Apr 01, 2019 11:14:40.80 [9168:228:0401/111440.804:ERROR:http_bridge.cc(126)] NOT IMPLEMENTED
Apr 01, 2019 11:14:41.44 [9168:9108:0401/111441.440:ERROR:browser_process_sub_thread.cc(209)] Waited 144 ms for network service
Apr 01, 2019 11:19:19.98 [5052:10828:0401/111919.980:ERROR:http_bridge.cc(126)] NOT IMPLEMENTED
Apr 01, 2019 11:19:20.63 [5052:3848:0401/111920.634:ERROR:browser_process_sub_thread.cc(209)] Waited 207 ms for network service
Apr 01, 2019 11:29:26.16 [9052:5012:0401/112926.161:ERROR:http_bridge.cc(126)] NOT IMPLEMENTED
Apr 01, 2019 11:29:27.00 [9052:1540:0401/112927.002:ERROR:browser_process_sub_thread.cc(209)] Waited 337 ms for network service
Apr 01, 2019 11:31:28.27 [2112:7548:0401/113128.270:ERROR:http_bridge.cc(126)] NOT IMPLEMENTED
Apr 01, 2019 11:31:29.41 [2112:9420:0401/113129.409:ERROR:browser_process_sub_thread.cc(209)] Waited 792 ms for network service

Apr 01, 2019 11:38:31.83 NEW SESSION
Apr 01, 2019 11:38:31.83 [2444:6236:0401/113831.832:ERROR:http_bridge.cc(126)] NOT IMPLEMENTED
Apr 01, 2019 11:38:32.33 [2444:11228:0401/113832.331:ERROR:browser_process_sub_thread.cc(209)] Waited 176 ms for network service
Apr 01, 2019 11:39:20.71 [4556:4072:0401/113920.708:ERROR:http_bridge.cc(126)] NOT IMPLEMENTED
Apr 01, 2019 11:39:21.56 [4556:3012:0401/113921.563:ERROR:browser_process_sub_thread.cc(209)] Waited 379 ms for network service
Apr 01, 2019 11:40:37.08 [11092:7148:0401/114037.083:ERROR:http_bridge.cc(126)] NOT IMPLEMENTED
Apr 01, 2019 11:40:38.09 [11092:5240:0401/114038.094:ERROR:browser_process_sub_thread.cc(209)] Waited 463 ms for network service
Apr 01, 2019 11:49:42.62 [9344:8228:0401/114942.624:ERROR:appcache_update_url_loader_request.cc(138)] NOT IMPLEMENTED
Apr 01, 2019 11:49:42.93 [9344:8228:0401/114942.934:ERROR:appcache_update_url_loader_request.cc(138)] NOT IMPLEMENTED
Apr 01, 2019 11:49:42.94 [9344:8228:0401/114942.945:ERROR:appcache_update_url_loader_request.cc(138)] NOT IMPLEMENTED
Apr 01, 2019 11:49:42.95 [9344:8228:0401/114942.956:ERROR:appcache_update_url_loader_request.cc(138)] NOT IMPLEMENTED
Apr 01, 2019 11:49:42.96 [9344:8228:0401/114942.963:ERROR:appcache_update_url_loader_request.cc(138)] NOT IMPLEMENTED
Apr 01, 2019 11:49:42.97 [9344:8228:0401/114942.963:ERROR:appcache_update_url_loader_request.cc(138)] NOT IMPLEMENTED
Apr 01, 2019 11:49:42.98 [9344:8228:0401/114942.964:ERROR:appcache_update_url_loader_request.cc(138)] NOT IMPLEMENTED
Apr 01, 2019 11:49:42.99 [9344:8228:0401/114942.965:ERROR:appcache_update_url_loader_request.cc(138)] NOT IMPLEMENTED
Apr 01, 2019 11:49:43.24 [9344:8228:0401/114943.249:ERROR:appcache_update_url_loader_request.cc(138)] NOT IMPLEMENTED
Apr 01, 2019 11:49:44.93 [9344:8228:0401/114944.937:ERROR:appcache_update_url_loader_request.cc(138)] NOT IMPLEMENTED
Apr 01, 2019 12:35:36.24 [9344:9460:0401/123536.243:ERROR:http_bridge.cc(126)] NOT IMPLEMENTED
Apr 01, 2019 12:35:36.95 [9344:8228:0401/123536.951:ERROR:browser_process_sub_thread.cc(209)] Waited 267 ms for network service
Apr 01, 2019 14:15:17.45 [8072:348:0401/141517.456:ERROR:connection_factory_impl.cc(411)] Failed to connect to MCS endpoint with error -106
Apr 01, 2019 14:15:45.79 [8072:348:0401/141545.799:ERROR:connection_factory_impl.cc(411)] Failed to connect to MCS endpoint with error -106
Apr 01, 2019 14:33:34.53 [8072:9324:0401/143334.531:ERROR:account_tracker.cc(239)] AccessTokenFetched error: Connection failed (-331).
Apr 01, 2019 14:33:34.57 [8072:9324:0401/143334.531:ERROR:gcm_channel_status_request.cc(151)] GCM channel request failed.
Apr 01, 2019 14:33:34.62 [8072:348:0401/143334.562:ERROR:connection_factory_impl.cc(411)] Failed to connect to MCS endpoint with error -106
Apr 01, 2019 14:34:03.15 [8072:9324:0401/143403.157:ERROR:gcm_channel_status_request.cc(151)] GCM channel request failed.
Apr 01, 2019 14:34:50.85 [8072:9324:0401/143450.858:ERROR:gcm_channel_status_request.cc(151)] GCM channel request failed.
Apr 01, 2019 14:34:55.99 [8072:348:0401/143455.997:ERROR:connection_factory_impl.cc(411)] Failed to connect to MCS endpoint with error -106
Apr 01, 2019 14:36:24.75 [8072:9324:0401/143624.758:ERROR:gcm_channel_status_request.cc(151)] GCM channel request failed.
Apr 01, 2019 14:38:52.67 [8072:348:0401/143852.679:ERROR:connection_factory_impl.cc(411)] Failed to connect to MCS endpoint with error -106
Apr 01, 2019 14:39:33.19 [8072:9324:0401/143933.194:ERROR:http_bridge.cc(126)] NOT IMPLEMENTED
Apr 01, 2019 14:39:33.94 [8072:348:0401/143933.944:ERROR:browser_process_sub_thread.cc(209)] Waited 283 ms for network service
Apr 01, 2019 14:46:26.54 [9928:9528:0401/144626.542:ERROR:connection_factory_impl.cc(411)] Failed to connect to MCS endpoint with error -106
Apr 01, 2019 14:46:49.50 [9928:9528:0401/144649.505:ERROR:connection_factory_impl.cc(411)] Failed to connect to MCS endpoint with error -106
Apr 01, 2019 14:46:59.51 [9928:9556:0401/144659.514:ERROR:account_tracker.cc(239)] AccessTokenFetched error: Connection failed (-106).
Apr 01, 2019 14:47:33.33 [9928:9528:0401/144733.332:ERROR:connection_factory_impl.cc(411)] Failed to connect to MCS endpoint with error -106
Apr 01, 2019 14:48:55.16 [9928:9528:0401/144855.166:ERROR:connection_factory_impl.cc(411)] Failed to connect to MCS endpoint with error -106
Apr 01, 2019 14:52:10.54 [9928:9528:0401/145210.542:ERROR:connection_factory_impl.cc(411)] Failed to connect to MCS endpoint with error -106
Apr 01, 2019 14:52:11.75 [9928:9556:0401/145211.758:ERROR:gcm_channel_status_request.cc(151)] GCM channel request failed.
Apr 01, 2019 14:52:40.49 [9928:9556:0401/145240.494:ERROR:gcm_channel_status_request.cc(151)] GCM channel request failed.
Apr 01, 2019 14:53:22.18 [9928:9556:0401/145322.184:ERROR:gcm_channel_status_request.cc(151)] GCM channel request failed.
Apr 01, 2019 14:54:50.85 [9928:9556:0401/145450.857:ERROR:gcm_channel_status_request.cc(151)] GCM channel request failed.
Apr 01, 2019 14:58:32.07 [9928:9556:0401/145832.072:ERROR:gcm_channel_status_request.cc(151)] GCM channel request failed.
Apr 01, 2019 14:58:54.98 [9928:9528:0401/145854.986:ERROR:connection_factory_impl.cc(411)] Failed to connect to MCS endpoint with error -106
Apr 01, 2019 15:05:32.29 [9928:9556:0401/150532.294:ERROR:gcm_channel_status_request.cc(151)] GCM channel request failed.
Apr 01, 2019 15:08:54.99 [9928:9528:0401/150854.997:ERROR:connection_factory_impl.cc(411)] Failed to connect to MCS endpoint with error -106
Apr 01, 2019 15:15:32.31 [9928:9556:0401/151532.311:ERROR:gcm_channel_status_request.cc(151)] GCM channel request failed.
Apr 01, 2019 15:18:55.01 [9928:9528:0401/151855.011:ERROR:connection_factory_impl.cc(411)] Failed to connect to MCS endpoint with error -106
Apr 01, 2019 15:25:32.32 [9928:9556:0401/152532.326:ERROR:gcm_channel_status_request.cc(151)] GCM channel request failed.
Apr 01, 2019 15:28:55.02 [9928:9528:0401/152855.022:ERROR:connection_factory_impl.cc(411)] Failed to connect to MCS endpoint with error -106
Apr 01, 2019 15:35:32.33 [9928:9556:0401/153532.332:ERROR:gcm_channel_status_request.cc(151)] GCM channel request failed.
Apr 01, 2019 15:38:55.03 [9928:9528:0401/153855.030:ERROR:connection_factory_impl.cc(411)] Failed to connect to MCS endpoint with error -106
Apr 01, 2019 15:45:32.35 [9928:9556:0401/154532.354:ERROR:gcm_channel_status_request.cc(151)] GCM channel request failed.
Apr 01, 2019 15:48:55.04 [9928:9528:0401/154855.045:ERROR:connection_factory_impl.cc(411)] Failed to connect to MCS endpoint with error -106
Apr 01, 2019 15:55:32.36 [9928:9556:0401/155532.369:ERROR:gcm_channel_status_request.cc(151)] GCM channel request failed.
Apr 01, 2019 15:58:33.36 [9928:9556:0401/155833.364:ERROR:http_bridge.cc(126)] NOT IMPLEMENTED
Apr 01, 2019 15:58:34.25 [9928:9528:0401/155834.255:ERROR:browser_process_sub_thread.cc(209)] Waited 175 ms for network service
Apr 01, 2019 23:14:35.04 [11568:7052:0401/231435.039:ERROR:appcache_update_url_loader_request.cc(138)] NOT IMPLEMENTED
Apr 01, 2019 23:26:46.82 [11568:9652:0401/232646.822:ERROR:http_bridge.cc(126)] NOT IMPLEMENTED
Apr 01, 2019 23:26:47.37 [11568:7052:0401/232647.376:ERROR:browser_process_sub_thread.cc(209)] Waited 145 ms for network service
Apr 01, 2019 23:30:33.72 [1552:11532:0401/233033.726:ERROR:http_bridge.cc(126)] NOT IMPLEMENTED
Apr 01, 2019 23:30:34.10 [1552:5652:0401/233034.106:ERROR:browser_process_sub_thread.cc(209)] Waited 142 ms for network service
Apr 02, 2019 24:11:47.16 [6240:9544:0402/001147.163:ERROR:http_bridge.cc(126)] NOT IMPLEMENTED
Apr 02, 2019 24:11:47.76 [6240:860:0402/001147.769:ERROR:browser_process_sub_thread.cc(209)] Waited 104 ms for network service
Apr 02, 2019 24:15:16.36 [704:9232:0402/001516.366:ERROR:http_bridge.cc(126)] NOT IMPLEMENTED
Apr 02, 2019 24:15:16.78 [704:9320:0402/001516.779:ERROR:browser_process_sub_thread.cc(209)] Waited 171 ms for network service
Apr 02, 2019 24:19:33.97 [11604:10892:0402/001933.975:ERROR:appcache_update_url_loader_request.cc(138)] NOT IMPLEMENTED
Apr 02, 2019 24:20:24.48 [11604:4832:0402/002024.477:ERROR:http_bridge.cc(126)] NOT IMPLEMENTED
Apr 02, 2019 24:20:24.81 [11604:10892:0402/002024.810:ERROR:browser_process_sub_thread.cc(209)] Waited 172 ms for network service

Apr 02, 2019 22:16:36.15 NEW SESSION
Apr 02, 2019 22:16:36.15 [3612:9348:0402/221636.120:ERROR:http_bridge.cc(126)] NOT IMPLEMENTED
Apr 02, 2019 22:16:36.59 [3612:9656:0402/221636.597:ERROR:browser_process_sub_thread.cc(209)] Waited 146 ms for network service
Apr 02, 2019 22:33:38.91 [3420:7208:0402/223338.913:ERROR:mcs_client.cc(757)] Received close command, resetting connection.
Apr 02, 2019 22:38:21.51 [3420:9644:0402/223821.517:ERROR:http_bridge.cc(126)] NOT IMPLEMENTED
Apr 02, 2019 22:38:22.02 [3420:7208:0402/223822.023:ERROR:browser_process_sub_thread.cc(209)] Waited 205 ms for network service
Apr 02, 2019 22:42:09.22 [11860:12228:0402/224209.226:ERROR:http_bridge.cc(126)] NOT IMPLEMENTED
Apr 02, 2019 22:42:09.81 [11860:9708:0402/224209.815:ERROR:browser_process_sub_thread.cc(209)] Waited 214 ms for network service
Apr 02, 2019 22:44:33.91 [2152:32:0402/224433.910:ERROR:appcache_update_url_loader_request.cc(138)] NOT IMPLEMENTED
Apr 02, 2019 23:10:28.40 [2152:7900:0402/231028.406:ERROR:http_bridge.cc(126)] NOT IMPLEMENTED
Apr 02, 2019 23:10:28.85 [2152:32:0402/231028.859:ERROR:browser_process_sub_thread.cc(209)] Waited 146 ms for network service
Apr 02, 2019 23:13:23.61 [10156:696:0402/231323.615:ERROR:http_bridge.cc(126)] NOT IMPLEMENTED
Apr 02, 2019 23:13:24.15 [10156:3820:0402/231324.150:ERROR:browser_process_sub_thread.cc(209)] Waited 160 ms for network service

Apr 19, 2019 22:23:12.17 NEW SESSION
Apr 19, 2019 22:23:12.17 [7204:9684:0419/222312.167:ERROR:connection_factory_impl.cc(411)] Failed to connect to MCS endpoint with error -106
Apr 19, 2019 22:23:39.22 [7204:9684:0419/222339.228:ERROR:connection_factory_impl.cc(411)] Failed to connect to MCS endpoint with error -106
Apr 19, 2019 22:23:47.22 [7204:11124:0419/222347.221:ERROR:account_info_fetcher.cc(59)] OnGetTokenFailure: Connection failed (-106).
Apr 19, 2019 22:23:47.36 [7204:11124:0419/222347.364:ERROR:account_tracker.cc(239)] AccessTokenFetched error: Connection failed (-106).
Apr 19, 2019 22:24:29.25 [7204:9684:0419/222429.250:ERROR:connection_factory_impl.cc(411)] Failed to connect to MCS endpoint with error -106
Apr 19, 2019 22:26:16.75 [7204:9684:0419/222616.755:ERROR:connection_factory_impl.cc(411)] Failed to connect to MCS endpoint with error -106
Apr 19, 2019 22:26:19.84 [7204:11124:0419/222619.847:ERROR:gcm_channel_status_request.cc(151)] GCM channel request failed.
Apr 19, 2019 22:26:47.69 [7204:11124:0419/222647.697:ERROR:gcm_channel_status_request.cc(151)] GCM channel request failed.
Apr 19, 2019 22:27:45.34 [7204:11124:0419/222745.342:ERROR:gcm_channel_status_request.cc(151)] GCM channel request failed.
Apr 19, 2019 22:29:38.33 [7204:11124:0419/222938.335:ERROR:gcm_channel_status_request.cc(151)] GCM channel request failed.
Apr 19, 2019 22:29:49.26 [7204:9684:0419/222949.264:ERROR:connection_factory_impl.cc(411)] Failed to connect to MCS endpoint with error -106
Apr 19, 2019 22:30:25.57 [7204:11124:0419/223025.569:ERROR:http_bridge.cc(126)] NOT IMPLEMENTED
Apr 19, 2019 22:30:26.07 [7204:9684:0419/223026.071:ERROR:browser_process_sub_thread.cc(209)] Waited 177 ms for network service
